<?xml version="1.0" encoding="UTF-8"?>
<testng-results skipped="0" failed="0" total="14" passed="14">
  <reporter-output>
  </reporter-output>
  <suite name="Default suite" duration-ms="11083" started-at="2019-02-03T16:56:05Z" finished-at="2019-02-03T16:56:16Z">
    <groups>
    </groups>
    <test name="Default test" duration-ms="11083" started-at="2019-02-03T16:56:05Z" finished-at="2019-02-03T16:56:16Z">
      <class name="net.bigpoint.assessment.test.DrehbahnGasStationTest">
        <test-method status="PASS" signature="setUp()[pri:0, instance:net.bigpoint.assessment.test.DrehbahnGasStationTest@68c4039c]" name="setUp" is-config="true" duration-ms="16" started-at="2019-02-03T18:56:05Z" finished-at="2019-02-03T18:56:05Z">
          <reporter-output>
          </reporter-output>
        </test-method> <!-- setUp -->
        <test-method status="PASS" signature="setUpBeforeClass()[pri:0, instance:net.bigpoint.assessment.test.DrehbahnGasStationTest@68c4039c]" name="setUpBeforeClass" is-config="true" duration-ms="16" started-at="2019-02-03T18:56:05Z" finished-at="2019-02-03T18:56:05Z">
          <reporter-output>
          </reporter-output>
        </test-method> <!-- setUpBeforeClass -->
        <test-method status="PASS" signature="testGasPriceGraterThanRequestedByCustomer()[pri:0, instance:net.bigpoint.assessment.test.DrehbahnGasStationTest@68c4039c]" name="testGasPriceGraterThanRequestedByCustomer" duration-ms="0" started-at="2019-02-03T18:56:05Z" finished-at="2019-02-03T18:56:05Z">
          <reporter-output>
          </reporter-output>
        </test-method> <!-- testGasPriceGraterThanRequestedByCustomer -->
        <test-method status="PASS" signature="testGasPriceGraterThanRequestedByCustomer()[pri:0, instance:net.bigpoint.assessment.test.DrehbahnGasStationTest@68c4039c]" name="testGasPriceGraterThanRequestedByCustomer" duration-ms="16" started-at="2019-02-03T18:56:05Z" finished-at="2019-02-03T18:56:05Z">
          <reporter-output>
          </reporter-output>
        </test-method> <!-- testGasPriceGraterThanRequestedByCustomer -->
        <test-method status="PASS" signature="testGasPriceGraterThanRequestedByCustomer()[pri:0, instance:net.bigpoint.assessment.test.DrehbahnGasStationTest@68c4039c]" name="testGasPriceGraterThanRequestedByCustomer" duration-ms="16" started-at="2019-02-03T18:56:05Z" finished-at="2019-02-03T18:56:05Z">
          <reporter-output>
          </reporter-output>
        </test-method> <!-- testGasPriceGraterThanRequestedByCustomer -->
        <test-method status="PASS" signature="testGasPriceGraterThanRequestedByCustomer()[pri:0, instance:net.bigpoint.assessment.test.DrehbahnGasStationTest@68c4039c]" name="testGasPriceGraterThanRequestedByCustomer" duration-ms="16" started-at="2019-02-03T18:56:05Z" finished-at="2019-02-03T18:56:05Z">
          <reporter-output>
          </reporter-output>
        </test-method> <!-- testGasPriceGraterThanRequestedByCustomer -->
        <test-method status="PASS" signature="testGasPriceGraterThanRequestedByCustomer()[pri:0, instance:net.bigpoint.assessment.test.DrehbahnGasStationTest@68c4039c]" name="testGasPriceGraterThanRequestedByCustomer" duration-ms="0" started-at="2019-02-03T18:56:05Z" finished-at="2019-02-03T18:56:05Z">
          <reporter-output>
          </reporter-output>
        </test-method> <!-- testGasPriceGraterThanRequestedByCustomer -->
        <test-method status="PASS" signature="testGasPriceGraterThanRequestedByCustomer()[pri:0, instance:net.bigpoint.assessment.test.DrehbahnGasStationTest@68c4039c]" name="testGasPriceGraterThanRequestedByCustomer" duration-ms="16" started-at="2019-02-03T18:56:05Z" finished-at="2019-02-03T18:56:05Z">
          <reporter-output>
          </reporter-output>
        </test-method> <!-- testGasPriceGraterThanRequestedByCustomer -->
        <test-method status="PASS" signature="testGasPriceGraterThanRequestedByCustomer()[pri:0, instance:net.bigpoint.assessment.test.DrehbahnGasStationTest@68c4039c]" name="testGasPriceGraterThanRequestedByCustomer" duration-ms="16" started-at="2019-02-03T18:56:05Z" finished-at="2019-02-03T18:56:05Z">
          <reporter-output>
          </reporter-output>
        </test-method> <!-- testGasPriceGraterThanRequestedByCustomer -->
        <test-method status="PASS" signature="testGasPriceGraterThanRequestedByCustomer()[pri:0, instance:net.bigpoint.assessment.test.DrehbahnGasStationTest@68c4039c]" name="testGasPriceGraterThanRequestedByCustomer" duration-ms="16" started-at="2019-02-03T18:56:05Z" finished-at="2019-02-03T18:56:05Z">
          <reporter-output>
          </reporter-output>
        </test-method> <!-- testGasPriceGraterThanRequestedByCustomer -->
        <test-method status="PASS" signature="testGasPriceGraterThanRequestedByCustomer()[pri:0, instance:net.bigpoint.assessment.test.DrehbahnGasStationTest@68c4039c]" name="testGasPriceGraterThanRequestedByCustomer" duration-ms="16" started-at="2019-02-03T18:56:05Z" finished-at="2019-02-03T18:56:05Z">
          <reporter-output>
          </reporter-output>
        </test-method> <!-- testGasPriceGraterThanRequestedByCustomer -->
        <test-method status="PASS" signature="testGasPriceGraterThanRequestedByCustomer()[pri:0, instance:net.bigpoint.assessment.test.DrehbahnGasStationTest@68c4039c]" name="testGasPriceGraterThanRequestedByCustomer" duration-ms="16" started-at="2019-02-03T18:56:05Z" finished-at="2019-02-03T18:56:05Z">
          <reporter-output>
          </reporter-output>
        </test-method> <!-- testGasPriceGraterThanRequestedByCustomer -->
        <test-method status="PASS" signature="testModifyingGetGasPumpsShouldNotAffectGasStation()[pri:0, instance:net.bigpoint.assessment.test.DrehbahnGasStationTest@68c4039c]" name="testModifyingGetGasPumpsShouldNotAffectGasStation" duration-ms="0" started-at="2019-02-03T18:56:05Z" finished-at="2019-02-03T18:56:05Z">
          <reporter-output>
          </reporter-output>
        </test-method> <!-- testModifyingGetGasPumpsShouldNotAffectGasStation -->
        <test-method status="PASS" signature="testServingAllCars()[pri:0, instance:net.bigpoint.assessment.test.DrehbahnGasStationTest@68c4039c]" name="testServingAllCars" duration-ms="1003" started-at="2019-02-03T18:56:05Z" depends-on-methods="net.bigpoint.assessment.test.DrehbahnGasStationTest.testGasPriceGraterThanRequestedByCustomer" finished-at="2019-02-03T18:56:06Z">
          <reporter-output>
          </reporter-output>
        </test-method> <!-- testServingAllCars -->
        <test-method status="PASS" signature="testAlotOfCarsSpecialCases()[pri:0, instance:net.bigpoint.assessment.test.DrehbahnGasStationTest@68c4039c]" name="testAlotOfCarsSpecialCases" duration-ms="10002" started-at="2019-02-03T18:56:06Z" depends-on-methods="net.bigpoint.assessment.test.DrehbahnGasStationTest.testNotEnoughGasForAllCars" finished-at="2019-02-03T18:56:16Z">
          <reporter-output>
          </reporter-output>
        </test-method> <!-- testAlotOfCarsSpecialCases -->
        <test-method status="PASS" signature="testNotEnoughGasForAllCars()[pri:0, instance:net.bigpoint.assessment.test.DrehbahnGasStationTest@68c4039c]" name="testNotEnoughGasForAllCars" duration-ms="0" started-at="2019-02-03T18:56:06Z" depends-on-methods="net.bigpoint.assessment.test.DrehbahnGasStationTest.testServingAllCars" finished-at="2019-02-03T18:56:06Z">
          <reporter-output>
          </reporter-output>
        </test-method> <!-- testNotEnoughGasForAllCars -->
        <test-method status="PASS" signature="tearDown()[pri:0, instance:net.bigpoint.assessment.test.DrehbahnGasStationTest@68c4039c]" name="tearDown" is-config="true" duration-ms="0" started-at="2019-02-03T18:56:16Z" finished-at="2019-02-03T18:56:16Z">
          <reporter-output>
          </reporter-output>
        </test-method> <!-- tearDown -->
        <test-method status="PASS" signature="tearDownAfterClass()[pri:0, instance:net.bigpoint.assessment.test.DrehbahnGasStationTest@68c4039c]" name="tearDownAfterClass" is-config="true" duration-ms="0" started-at="2019-02-03T18:56:16Z" finished-at="2019-02-03T18:56:16Z">
          <reporter-output>
          </reporter-output>
        </test-method> <!-- tearDownAfterClass -->
      </class> <!-- net.bigpoint.assessment.test.DrehbahnGasStationTest -->
    </test> <!-- Default test -->
  </suite> <!-- Default suite -->
</testng-results>
