<?xml version="1.0" encoding="UTF-8"?>
<!-- Generated by org.testng.reporters.JUnitXMLReporter -->
<testsuite hostname="ca-Taha" name="Default test" tests="14" failures="0" timestamp="3 Feb 2019 16:56:16 GMT" time="11.083" errors="0">
  <testcase name="testGasPriceGraterThanRequestedByCustomer" time="0.0" classname="net.bigpoint.assessment.test.DrehbahnGasStationTest"/>
  <testcase name="testGasPriceGraterThanRequestedByCustomer" time="0.0" classname="net.bigpoint.assessment.test.DrehbahnGasStationTest"/>
  <testcase name="testGasPriceGraterThanRequestedByCustomer" time="0.016" classname="net.bigpoint.assessment.test.DrehbahnGasStationTest"/>
  <testcase name="testGasPriceGraterThanRequestedByCustomer" time="0.016" classname="net.bigpoint.assessment.test.DrehbahnGasStationTest"/>
  <testcase name="testGasPriceGraterThanRequestedByCustomer" time="0.016" classname="net.bigpoint.assessment.test.DrehbahnGasStationTest"/>
  <testcase name="testGasPriceGraterThanRequestedByCustomer" time="0.016" classname="net.bigpoint.assessment.test.DrehbahnGasStationTest"/>
  <testcase name="testGasPriceGraterThanRequestedByCustomer" time="0.016" classname="net.bigpoint.assessment.test.DrehbahnGasStationTest"/>
  <testcase name="testGasPriceGraterThanRequestedByCustomer" time="0.016" classname="net.bigpoint.assessment.test.DrehbahnGasStationTest"/>
  <testcase name="testGasPriceGraterThanRequestedByCustomer" time="0.016" classname="net.bigpoint.assessment.test.DrehbahnGasStationTest"/>
  <testcase name="testGasPriceGraterThanRequestedByCustomer" time="0.016" classname="net.bigpoint.assessment.test.DrehbahnGasStationTest"/>
  <testcase name="testModifyingGetGasPumpsShouldNotAffectGasStation" time="0.0" classname="net.bigpoint.assessment.test.DrehbahnGasStationTest"/>
  <testcase name="testServingAllCars" time="1.003" classname="net.bigpoint.assessment.test.DrehbahnGasStationTest"/>
  <testcase name="testNotEnoughGasForAllCars" time="0.0" classname="net.bigpoint.assessment.test.DrehbahnGasStationTest"/>
  <testcase name="testAlotOfCarsSpecialCases" time="10.002" classname="net.bigpoint.assessment.test.DrehbahnGasStationTest"/>
</testsuite> <!-- Default test -->
